#
# There is insufficient memory for the Java Runtime Environment to continue.
# Native memory allocation (malloc) failed to allocate 357120 bytes for Chunk::new
# Possible reasons:
#   The system is out of physical RAM or swap space
#   The process is running with CompressedOops enabled, and the Java Heap may be blocking the growth of the native heap
# Possible solutions:
#   Reduce memory load on the system
#   Increase physical memory or swap space
#   Check if swap backing store is full
#   Decrease Java heap size (-Xmx/-Xms)
#   Decrease number of Java threads
#   Decrease Java thread stack sizes (-Xss)
#   Set larger code cache with -XX:ReservedCodeCacheSize=
#   JVM is running with Unscaled Compressed Oops mode in which the Java heap is
#     placed in the first 4GB address space. The Java Heap base address is the
#     maximum limit for the native heap growth. Please use -XX:HeapBaseMinAddress
#     to set the Java Heap base and to place the Java Heap above 4GB virtual address.
# This output file may be truncated or incomplete.
#
#  Out of Memory Error (arena.cpp:184), pid=33216, tid=9020
#
# JRE version: Java(TM) SE Runtime Environment (18.0.2.1+1) (build 18.0.2.1+1-1)
# Java VM: Java HotSpot(TM) 64-Bit Server VM (18.0.2.1+1-1, mixed mode, sharing, tiered, compressed oops, compressed class ptrs, g1 gc, windows-amd64)
# No core dump will be written. Minidumps are not enabled by default on client versions of Windows
#

---------------  S U M M A R Y ------------

Command Line: -Xmx64m -Xms64m -Dorg.gradle.appname=gradlew C:\Users\arav\Downloads\sentinel\sentinel\android\\gradle\wrapper\gradle-wrapper.jar assembleRelease

Host: AMD Ryzen 5 5600H with Radeon Graphics         , 12 cores, 7G,  Windows 11 , 64 bit Build 26100 (10.0.26100.8737)
Time: Wed Jul  8 18:45:38 2026 India Standard Time elapsed time: 58.992942 seconds (0d 0h 0m 58s)

---------------  T H R E A D  ---------------

Current thread (0x00000197a31271c0):  JavaThread "C2 CompilerThread0" daemon [_thread_in_native, id=9020, stack(0x0000002a20800000,0x0000002a20900000)]


Current CompileTask:
C2:  58993 1939 % !   4       java.util.concurrent.ConcurrentHashMap::transfer @ 96 (849 bytes)

Stack: [0x0000002a20800000,0x0000002a20900000]
Native frames: (J=compiled Java code, j=interpreted, Vv=VM code, C=native code)
V  [jvm.dll+0x6993aa]
V  [jvm.dll+0x7f46dd]
V  [jvm.dll+0x7f5fee]
V  [jvm.dll+0x7f66a3]
V  [jvm.dll+0x25cf1f]
V  [jvm.dll+0xb8c2f]
V  [jvm.dll+0xb8fa5]
V  [jvm.dll+0x3860cb]
V  [jvm.dll+0x34fe71]
V  [jvm.dll+0x34f30a]
V  [jvm.dll+0x230101]
V  [jvm.dll+0x22f4d1]
V  [jvm.dll+0x1ba01c]
V  [jvm.dll+0x23ee0a]
V  [jvm.dll+0x23d0f5]
V  [jvm.dll+0x7a6dd1]
V  [jvm.dll+0x7a120a]
V  [jvm.dll+0x698255]
C  [ucrtbase.dll+0x2cd30]
C  [KERNEL32.DLL+0x2e957]
C  [ntdll.dll+0xaad6c]


---------------  P R O C E S S  ---------------

Threads class SMR info:
_java_thread_list=0x00000197a838e700, length=12, elements={
0x00000197894afeb0, 0x000001978956e360, 0x00000197a30feb10, 0x00000197a31214a0,
0x00000197a3121e40, 0x00000197a31227e0, 0x00000197a3123180, 0x00000197a31271c0,
0x00000197a31387d0, 0x00000197a31390c0, 0x00000197a748a8d0, 0x00000197a7496460
}

Java Threads: ( => current thread )
  0x00000197894afeb0 JavaThread "main" [_thread_blocked, id=22548, stack(0x0000002a1fb00000,0x0000002a1fc00000)]
  0x000001978956e360 JavaThread "Reference Handler" daemon [_thread_blocked, id=12756, stack(0x0000002a20200000,0x0000002a20300000)]
  0x00000197a30feb10 JavaThread "Finalizer" daemon [_thread_blocked, id=38748, stack(0x0000002a20300000,0x0000002a20400000)]
  0x00000197a31214a0 JavaThread "Signal Dispatcher" daemon [_thread_blocked, id=868, stack(0x0000002a20400000,0x0000002a20500000)]
  0x00000197a3121e40 JavaThread "Attach Listener" daemon [_thread_blocked, id=16024, stack(0x0000002a20500000,0x0000002a20600000)]
  0x00000197a31227e0 JavaThread "Service Thread" daemon [_thread_blocked, id=27896, stack(0x0000002a20600000,0x0000002a20700000)]
  0x00000197a3123180 JavaThread "Monitor Deflation Thread" daemon [_thread_blocked, id=36832, stack(0x0000002a20700000,0x0000002a20800000)]
=>0x00000197a31271c0 JavaThread "C2 CompilerThread0" daemon [_thread_in_native, id=9020, stack(0x0000002a20800000,0x0000002a20900000)]
  0x00000197a31387d0 JavaThread "C1 CompilerThread0" daemon [_thread_blocked, id=31036, stack(0x0000002a20900000,0x0000002a20a00000)]
  0x00000197a31390c0 JavaThread "Sweeper thread" daemon [_thread_blocked, id=6408, stack(0x0000002a20a00000,0x0000002a20b00000)]
  0x00000197a748a8d0 JavaThread "Notification Thread" daemon [_thread_blocked, id=6000, stack(0x0000002a20b00000,0x0000002a20c00000)]
  0x00000197a7496460 JavaThread "Common-Cleaner" daemon [_thread_blocked, id=22376, stack(0x0000002a20d00000,0x0000002a20e00000)]

Other Threads:
  0x00000197894e9ab0 VMThread "VM Thread" [stack: 0x0000002a20100000,0x0000002a20200000] [id=37104]
  0x00000197a748e1c0 WatcherThread "VM Periodic Task Thread" [stack: 0x0000002a20c00000,0x0000002a20d00000] [id=22496]
  0x00000197894d56e0 WorkerThread "GC Thread#0" [stack: 0x0000002a1fc00000,0x0000002a1fd00000] [id=15780]
  0x00000197a75d4ab0 WorkerThread "GC Thread#1" [stack: 0x0000002a20e00000,0x0000002a20f00000] [id=6424]
  0x00000197a775bd00 WorkerThread "GC Thread#2" [stack: 0x0000002a20f00000,0x0000002a21000000] [id=2428]
  0x00000197a77f5a60 WorkerThread "GC Thread#3" [stack: 0x0000002a21000000,0x0000002a21100000] [id=14820]
  0x00000197a8103cf0 WorkerThread "GC Thread#4" [stack: 0x0000002a21100000,0x0000002a21200000] [id=24584]
  0x00000197a8104710 WorkerThread "GC Thread#5" [stack: 0x0000002a21300000,0x0000002a21400000] [id=22540]
  0x00000197a8354c90 WorkerThread "GC Thread#6" [stack: 0x0000002a21400000,0x0000002a21500000] [id=36048]
  0x00000197a8354f30 WorkerThread "GC Thread#7" [stack: 0x0000002a21500000,0x0000002a21600000] [id=15852]
  0x00000197894d6e10 ConcurrentGCThread "G1 Main Marker" [stack: 0x0000002a1fd00000,0x0000002a1fe00000] [id=35168]
  0x00000197894d84d0 WorkerThread "G1 Conc#0" [stack: 0x0000002a1fe00000,0x0000002a1ff00000] [id=24964]
  0x000001978954d130 ConcurrentGCThread "G1 Refine#0" [stack: 0x0000002a1ff00000,0x0000002a20000000] [id=20692]
  0x000001978954d8e0 ConcurrentGCThread "G1 Service" [stack: 0x0000002a20000000,0x0000002a20100000] [id=20272]

Threads with active compile tasks:
C2 CompilerThread0    59043 1939 % !   4       java.util.concurrent.ConcurrentHashMap::transfer @ 96 (849 bytes)

VM state: not at safepoint (normal execution)

VM Mutex/Monitor currently owned by a thread: None

Heap address: 0x00000000fc000000, size: 64 MB, Compressed Oops mode: 32-bit

CDS archive(s) mapped at: [0x0000000800000000-0x0000000800ba0000-0x0000000800ba0000), size 12189696, SharedBaseAddress: 0x0000000800000000, ArchiveRelocationMode: 0.
Compressed class space mapped at: 0x0000000800c00000-0x0000000840c00000, reserved size: 1073741824
Narrow klass base: 0x0000000800000000, Narrow klass shift: 0, Narrow klass range: 0x100000000

GC Precious Log:
 CardTable entry size: 512
 Card Set container configuration: InlinePtr #cards 5 size 8 Array Of Cards #cards 12 size 40 Howl #buckets 4 coarsen threshold 1843 Howl Bitmap #cards 512 size 80 coarsen threshold 460 Card regions per heap region 1 cards per card region 2048
 CPUs: 12 total, 12 available
 Memory: 7521M
 Large Page Support: Disabled
 NUMA Support: Disabled
 Compressed Oops: Enabled (32-bit)
 Heap Region Size: 1M
 Heap Min Capacity: 64M
 Heap Initial Capacity: 64M
 Heap Max Capacity: 64M
 Pre-touch: Disabled
 Parallel Workers: 10
 Concurrent Workers: 3
 Concurrent Refinement Workers: 10
 Periodic GC: Disabled

Heap:
 garbage-first heap   total 65536K, used 21127K [0x00000000fc000000, 0x0000000100000000)
  region size 1024K, 14 young (14336K), 4 survivors (4096K)
 Metaspace       used 9979K, committed 10304K, reserved 1114112K
  class space    used 1279K, committed 1408K, reserved 1048576K

Heap Regions: E=young(eden), S=young(survivor), O=old, HS=humongous(starts), HC=humongous(continues), CS=collection set, F=free, OA=open archive, CA=closed archive, TAMS=top-at-mark-start (previous, next)
|   0|0x00000000fc000000, 0x00000000fc100000, 0x00000000fc100000|100%|HS|  |TAMS 0x00000000fc000000, 0x00000000fc000000| Complete 
|   1|0x00000000fc100000, 0x00000000fc200000, 0x00000000fc200000|100%|HC|  |TAMS 0x00000000fc100000, 0x00000000fc100000| Complete 
|   2|0x00000000fc200000, 0x00000000fc300000, 0x00000000fc300000|100%|HC|  |TAMS 0x00000000fc200000, 0x00000000fc200000| Complete 
|   3|0x00000000fc300000, 0x00000000fc400000, 0x00000000fc400000|100%|HC|  |TAMS 0x00000000fc300000, 0x00000000fc300000| Complete 
|   4|0x00000000fc400000, 0x00000000fc500000, 0x00000000fc500000|100%| O|  |TAMS 0x00000000fc400000, 0x00000000fc400000| Untracked 
|   5|0x00000000fc500000, 0x00000000fc600000, 0x00000000fc600000|100%| O|  |TAMS 0x00000000fc500000, 0x00000000fc500000| Untracked 
|   6|0x00000000fc600000, 0x00000000fc700000, 0x00000000fc700000|100%| O|  |TAMS 0x00000000fc600000, 0x00000000fc600000| Untracked 
|   7|0x00000000fc700000, 0x00000000fc7a1c00, 0x00000000fc800000| 63%| O|  |TAMS 0x00000000fc700000, 0x00000000fc700000| Untracked 
|   8|0x00000000fc800000, 0x00000000fc800000, 0x00000000fc900000|  0%| F|  |TAMS 0x00000000fc800000, 0x00000000fc800000| Untracked 
|   9|0x00000000fc900000, 0x00000000fc900000, 0x00000000fca00000|  0%| F|  |TAMS 0x00000000fc900000, 0x00000000fc900000| Untracked 
|  10|0x00000000fca00000, 0x00000000fca00000, 0x00000000fcb00000|  0%| F|  |TAMS 0x00000000fca00000, 0x00000000fca00000| Untracked 
|  11|0x00000000fcb00000, 0x00000000fcb00000, 0x00000000fcc00000|  0%| F|  |TAMS 0x00000000fcb00000, 0x00000000fcb00000| Untracked 
|  12|0x00000000fcc00000, 0x00000000fcc00000, 0x00000000fcd00000|  0%| F|  |TAMS 0x00000000fcc00000, 0x00000000fcc00000| Untracked 
|  13|0x00000000fcd00000, 0x00000000fcd00000, 0x00000000fce00000|  0%| F|  |TAMS 0x00000000fcd00000, 0x00000000fcd00000| Untracked 
|  14|0x00000000fce00000, 0x00000000fce00000, 0x00000000fcf00000|  0%| F|  |TAMS 0x00000000fce00000, 0x00000000fce00000| Untracked 
|  15|0x00000000fcf00000, 0x00000000fcf00000, 0x00000000fd000000|  0%| F|  |TAMS 0x00000000fcf00000, 0x00000000fcf00000| Untracked 
|  16|0x00000000fd000000, 0x00000000fd000000, 0x00000000fd100000|  0%| F|  |TAMS 0x00000000fd000000, 0x00000000fd000000| Untracked 
|  17|0x00000000fd100000, 0x00000000fd100000, 0x00000000fd200000|  0%| F|  |TAMS 0x00000000fd100000, 0x00000000fd100000| Untracked 
|  18|0x00000000fd200000, 0x00000000fd200000, 0x00000000fd300000|  0%| F|  |TAMS 0x00000000fd200000, 0x00000000fd200000| Untracked 
|  19|0x00000000fd300000, 0x00000000fd300000, 0x00000000fd400000|  0%| F|  |TAMS 0x00000000fd300000, 0x00000000fd300000| Untracked 
|  20|0x00000000fd400000, 0x00000000fd400000, 0x00000000fd500000|  0%| F|  |TAMS 0x00000000fd400000, 0x00000000fd400000| Untracked 
|  21|0x00000000fd500000, 0x00000000fd500000, 0x00000000fd600000|  0%| F|  |TAMS 0x00000000fd500000, 0x00000000fd500000| Untracked 
|  22|0x00000000fd600000, 0x00000000fd600000, 0x00000000fd700000|  0%| F|  |TAMS 0x00000000fd600000, 0x00000000fd600000| Untracked 
|  23|0x00000000fd700000, 0x00000000fd700000, 0x00000000fd800000|  0%| F|  |TAMS 0x00000000fd700000, 0x00000000fd700000| Untracked 
|  24|0x00000000fd800000, 0x00000000fd800000, 0x00000000fd900000|  0%| F|  |TAMS 0x00000000fd800000, 0x00000000fd800000| Untracked 
|  25|0x00000000fd900000, 0x00000000fd900000, 0x00000000fda00000|  0%| F|  |TAMS 0x00000000fd900000, 0x00000000fd900000| Untracked 
|  26|0x00000000fda00000, 0x00000000fda00000, 0x00000000fdb00000|  0%| F|  |TAMS 0x00000000fda00000, 0x00000000fda00000| Untracked 
|  27|0x00000000fdb00000, 0x00000000fdb00000, 0x00000000fdc00000|  0%| F|  |TAMS 0x00000000fdb00000, 0x00000000fdb00000| Untracked 
|  28|0x00000000fdc00000, 0x00000000fdd00000, 0x00000000fdd00000|100%| S|CS|TAMS 0x00000000fdc00000, 0x00000000fdc00000| Complete 
|  29|0x00000000fdd00000, 0x00000000fde00000, 0x00000000fde00000|100%| S|CS|TAMS 0x00000000fdd00000, 0x00000000fdd00000| Complete 
|  30|0x00000000fde00000, 0x00000000fdf00000, 0x00000000fdf00000|100%| S|CS|TAMS 0x00000000fde00000, 0x00000000fde00000| Complete 
|  31|0x00000000fdf00000, 0x00000000fe000000, 0x00000000fe000000|100%| S|CS|TAMS 0x00000000fdf00000, 0x00000000fdf00000| Complete 
|  32|0x00000000fe000000, 0x00000000fe000000, 0x00000000fe100000|  0%| F|  |TAMS 0x00000000fe000000, 0x00000000fe000000| Untracked 
|  33|0x00000000fe100000, 0x00000000fe100000, 0x00000000fe200000|  0%| F|  |TAMS 0x00000000fe100000, 0x00000000fe100000| Untracked 
|  34|0x00000000fe200000, 0x00000000fe200000, 0x00000000fe300000|  0%| F|  |TAMS 0x00000000fe200000, 0x00000000fe200000| Untracked 
|  35|0x00000000fe300000, 0x00000000fe300000, 0x00000000fe400000|  0%| F|  |TAMS 0x00000000fe300000, 0x00000000fe300000| Untracked 
|  36|0x00000000fe400000, 0x00000000fe400000, 0x00000000fe500000|  0%| F|  |TAMS 0x00000000fe400000, 0x00000000fe400000| Untracked 
|  37|0x00000000fe500000, 0x00000000fe500000, 0x00000000fe600000|  0%| F|  |TAMS 0x00000000fe500000, 0x00000000fe500000| Untracked 
|  38|0x00000000fe600000, 0x00000000fe600000, 0x00000000fe700000|  0%| F|  |TAMS 0x00000000fe600000, 0x00000000fe600000| Untracked 
|  39|0x00000000fe700000, 0x00000000fe700000, 0x00000000fe800000|  0%| F|  |TAMS 0x00000000fe700000, 0x00000000fe700000| Untracked 
|  40|0x00000000fe800000, 0x00000000fe800000, 0x00000000fe900000|  0%| F|  |TAMS 0x00000000fe800000, 0x00000000fe800000| Untracked 
|  41|0x00000000fe900000, 0x00000000fe900000, 0x00000000fea00000|  0%| F|  |TAMS 0x00000000fe900000, 0x00000000fe900000| Untracked 
|  42|0x00000000fea00000, 0x00000000fea00000, 0x00000000feb00000|  0%| F|  |TAMS 0x00000000fea00000, 0x00000000fea00000| Untracked 
|  43|0x00000000feb00000, 0x00000000feb00000, 0x00000000fec00000|  0%| F|  |TAMS 0x00000000feb00000, 0x00000000feb00000| Untracked 
|  44|0x00000000fec00000, 0x00000000fec00000, 0x00000000fed00000|  0%| F|  |TAMS 0x00000000fec00000, 0x00000000fec00000| Untracked 
|  45|0x00000000fed00000, 0x00000000fed00000, 0x00000000fee00000|  0%| F|  |TAMS 0x00000000fed00000, 0x00000000fed00000| Untracked 
|  46|0x00000000fee00000, 0x00000000fee00000, 0x00000000fef00000|  0%| F|  |TAMS 0x00000000fee00000, 0x00000000fee00000| Untracked 
|  47|0x00000000fef00000, 0x00000000fef00000, 0x00000000ff000000|  0%| F|  |TAMS 0x00000000fef00000, 0x00000000fef00000| Untracked 
|  48|0x00000000ff000000, 0x00000000ff000000, 0x00000000ff100000|  0%| F|  |TAMS 0x00000000ff000000, 0x00000000ff000000| Untracked 
|  49|0x00000000ff100000, 0x00000000ff100000, 0x00000000ff200000|  0%| F|  |TAMS 0x00000000ff100000, 0x00000000ff100000| Untracked 
|  50|0x00000000ff200000, 0x00000000ff200000, 0x00000000ff300000|  0%| F|  |TAMS 0x00000000ff200000, 0x00000000ff200000| Untracked 
|  51|0x00000000ff300000, 0x00000000ff300000, 0x00000000ff400000|  0%| F|  |TAMS 0x00000000ff300000, 0x00000000ff300000| Untracked 
|  52|0x00000000ff400000, 0x00000000ff400000, 0x00000000ff500000|  0%| F|  |TAMS 0x00000000ff400000, 0x00000000ff400000| Untracked 
|  53|0x00000000ff500000, 0x00000000ff500000, 0x00000000ff600000|  0%| F|  |TAMS 0x00000000ff500000, 0x00000000ff500000| Untracked 
|  54|0x00000000ff600000, 0x00000000ff700000, 0x00000000ff700000|100%| E|  |TAMS 0x00000000ff600000, 0x00000000ff600000| Complete 
|  55|0x00000000ff700000, 0x00000000ff800000, 0x00000000ff800000|100%| E|CS|TAMS 0x00000000ff700000, 0x00000000ff700000| Complete 
|  56|0x00000000ff800000, 0x00000000ff900000, 0x00000000ff900000|100%| E|CS|TAMS 0x00000000ff800000, 0x00000000ff800000| Complete 
|  57|0x00000000ff900000, 0x00000000ffa00000, 0x00000000ffa00000|100%| E|CS|TAMS 0x00000000ff900000, 0x00000000ff900000| Complete 
|  58|0x00000000ffa00000, 0x00000000ffb00000, 0x00000000ffb00000|100%| E|CS|TAMS 0x00000000ffa00000, 0x00000000ffa00000| Complete 
|  59|0x00000000ffb00000, 0x00000000ffc00000, 0x00000000ffc00000|100%| E|CS|TAMS 0x00000000ffb00000, 0x00000000ffb00000| Complete 
|  60|0x00000000ffc00000, 0x00000000ffd00000, 0x00000000ffd00000|100%| E|CS|TAMS 0x00000000ffc00000, 0x00000000ffc00000| Complete 
|  61|0x00000000ffd00000, 0x00000000ffe00000, 0x00000000ffe00000|100%| E|CS|TAMS 0x00000000ffd00000, 0x00000000ffd00000| Complete 
|  62|0x00000000ffe00000, 0x00000000fff00000, 0x00000000fff00000|100%| E|CS|TAMS 0x00000000ffe00000, 0x00000000ffe00000| Complete 
|  63|0x00000000fff00000, 0x0000000100000000, 0x0000000100000000|100%| E|CS|TAMS 0x00000000fff00000, 0x00000000fff00000| Complete 

Card table byte_map: [0x0000019787450000,0x0000019787470000] _byte_map_base: 0x0000019786c70000

Marking Bits (Prev, Next): (CMBitMap*) 0x00000197894d5ce0, (CMBitMap*) 0x00000197894d5d20
 Prev Bits: [0x00000197a0340000, 0x00000197a0440000)
 Next Bits: [0x00000197a0440000, 0x00000197a0540000)

Polling page: 0x00000197873f0000

Metaspace:

Usage:
  Non-class:      8.50 MB used.
      Class:      1.25 MB used.
       Both:      9.75 MB used.

Virtual space:
  Non-class space:       64.00 MB reserved,       8.69 MB ( 14%) committed,  1 nodes.
      Class space:        1.00 GB reserved,       1.38 MB ( <1%) committed,  1 nodes.
             Both:        1.06 GB reserved,      10.06 MB ( <1%) committed. 

Chunk freelists:
   Non-Class:  3.22 MB
       Class:  2.48 MB
        Both:  5.71 MB

MaxMetaspaceSize: unlimited
CompressedClassSpaceSize: 1.00 GB
Initial GC threshold: 21.00 MB
Current GC threshold: 21.00 MB
CDS: on
MetaspaceReclaimPolicy: balanced
 - commit_granule_bytes: 65536.
 - commit_granule_words: 8192.
 - virtual_space_node_default_size: 8388608.
 - enlarge_chunks_in_place: 1.
 - new_chunks_are_fully_committed: 0.
 - uncommit_free_chunks: 1.
 - use_allocation_guard: 0.


Internal statistics:

num_allocs_failed_limit: 0.
num_arena_births: 254.
num_arena_deaths: 0.
num_vsnodes_births: 2.
num_vsnodes_deaths: 0.
num_space_committed: 161.
num_space_uncommitted: 0.
num_chunks_returned_to_freelist: 0.
num_chunks_taken_from_freelist: 571.
num_chunk_merges: 0.
num_chunk_splits: 357.
num_chunks_enlarged: 252.
num_inconsistent_stats: 0.

CodeHeap 'non-profiled nmethods': size=120000Kb used=651Kb max_used=651Kb free=119348Kb
 bounds [0x00000197988b0000, 0x0000019798b20000, 0x000001979fde0000]
CodeHeap 'profiled nmethods': size=120000Kb used=3890Kb max_used=3890Kb free=116109Kb
 bounds [0x0000019791380000, 0x0000019791750000, 0x00000197988b0000]
CodeHeap 'non-nmethods': size=5760Kb used=1190Kb max_used=1206Kb free=4569Kb
 bounds [0x0000019790de0000, 0x0000019791050000, 0x0000019791380000]
 total_blobs=2425 nmethods=1953 adapters=384
 compilation: enabled
              stopped_count=0, restarted_count=0
 full_count=0

Compilation events (20 events):
Event: 55.901 Thread 0x00000197a31271c0 1931       4       org.gradle.internal.logging.text.AbstractLineChoppingStyledTextOutput$1::execute (9 bytes)
Event: 55.902 Thread 0x00000197a31387d0 1934       3       java.nio.HeapCharBuffer::<init> (23 bytes)
Event: 55.902 Thread 0x00000197a31387d0 nmethod 1934 0x0000019791741890 code [0x0000019791741a40, 0x0000019791741bc8]
Event: 55.902 Thread 0x00000197a31387d0 1935       3       java.nio.CharBuffer::<init> (24 bytes)
Event: 55.903 Thread 0x00000197a31387d0 nmethod 1935 0x0000019791741c90 code [0x0000019791741e40, 0x0000019791741fe8]
Event: 55.903 Thread 0x00000197a31387d0 1936       3       org.gradle.internal.logging.text.AbstractLineChoppingStyledTextOutput$StateContext::flushLineText (113 bytes)
Event: 55.905 Thread 0x00000197a31387d0 nmethod 1936 0x0000019791742090 code [0x0000019791742320, 0x0000019791742d28]
Event: 55.905 Thread 0x00000197a31387d0 1937       3       com.google.common.collect.Lists$ReverseList$1::hasNext (10 bytes)
Event: 55.905 Thread 0x00000197a31387d0 nmethod 1937 0x0000019791743110 code [0x00000197917432c0, 0x0000019791743488]
Event: 55.905 Thread 0x00000197a31387d0 1938       3       java.util.ArrayList$ListItr::hasPrevious (13 bytes)
Event: 55.905 Thread 0x00000197a31387d0 nmethod 1938 0x0000019791743590 code [0x0000019791743720, 0x0000019791743898]
Event: 55.917 Thread 0x00000197a31271c0 nmethod 1931 0x0000019798951b90 code [0x0000019798951d80, 0x00000197989525c8]
Event: 55.917 Thread 0x00000197a31271c0 1939 % !   4       java.util.concurrent.ConcurrentHashMap::transfer @ 96 (849 bytes)
Event: 55.928 Thread 0x00000197a31387d0 1940       3       com.google.common.collect.ObjectArrays::checkElementNotNull (33 bytes)
Event: 55.929 Thread 0x00000197a31387d0 nmethod 1940 0x0000019791743910 code [0x0000019791743b40, 0x0000019791744198]
Event: 55.937 Thread 0x00000197a31387d0 1941       3       java.lang.invoke.MethodHandleNatives::findMethodHandleType (7 bytes)
Event: 55.937 Thread 0x00000197a31387d0 nmethod 1941 0x0000019791744410 code [0x00000197917445a0, 0x00000197917446c8]
Event: 55.937 Thread 0x00000197a31387d0 1942       3       sun.invoke.util.BytecodeDescriptor::unparse (24 bytes)
Event: 55.937 Thread 0x00000197a31387d0 nmethod 1942 0x0000019791744790 code [0x0000019791744940, 0x0000019791744b48]
Event: 57.249 Thread 0x00000197a31387d0 1943   !   3       java.nio.charset.CharsetEncoder::encode (273 bytes)

GC Heap History (4 events):
Event: 2.169 GC heap before
{Heap before GC invocations=0 (full 0):
 garbage-first heap   total 65536K, used 23552K [0x00000000fc000000, 0x0000000100000000)
  region size 1024K, 23 young (23552K), 0 survivors (0K)
 Metaspace       used 1658K, committed 1856K, reserved 1114112K
  class space    used 148K, committed 256K, reserved 1048576K
}
Event: 2.175 GC heap after
{Heap after GC invocations=1 (full 0):
 garbage-first heap   total 65536K, used 1824K [0x00000000fc000000, 0x0000000100000000)
  region size 1024K, 2 young (2048K), 2 survivors (2048K)
 Metaspace       used 1658K, committed 1856K, reserved 1114112K
  class space    used 148K, committed 256K, reserved 1048576K
}
Event: 4.099 GC heap before
{Heap before GC invocations=1 (full 0):
 garbage-first heap   total 65536K, used 35616K [0x00000000fc000000, 0x0000000100000000)
  region size 1024K, 32 young (32768K), 2 survivors (2048K)
 Metaspace       used 7389K, committed 7680K, reserved 1114112K
  class space    used 956K, committed 1088K, reserved 1048576K
}
Event: 4.108 GC heap after
{Heap after GC invocations=2 (full 0):
 garbage-first heap   total 65536K, used 11911K [0x00000000fc000000, 0x0000000100000000)
  region size 1024K, 4 young (4096K), 4 survivors (4096K)
 Metaspace       used 7389K, committed 7680K, reserved 1114112K
  class space    used 956K, committed 1088K, reserved 1048576K
}

Deoptimization events (20 events):
Event: 55.866 Thread 0x00000197894afeb0 Uncommon trap: trap_request=0xffffff45 fr.pc=0x00000197988ef6a8 relative=0x0000000000000128
Event: 55.866 Thread 0x00000197894afeb0 Uncommon trap: reason=unstable_if action=reinterpret pc=0x00000197988ef6a8 method=java.lang.StringCoding.hasNegatives([BII)Z @ 12 c2
Event: 55.866 Thread 0x00000197894afeb0 DEOPT PACKING pc=0x00000197988ef6a8 sp=0x0000002a1fbfd5c0
Event: 55.866 Thread 0x00000197894afeb0 DEOPT UNPACKING pc=0x0000019790e323a3 sp=0x0000002a1fbfd568 mode 2
Event: 55.868 Thread 0x00000197894afeb0 DEOPT PACKING pc=0x00000197916d127e sp=0x0000002a1fbfd8d0
Event: 55.868 Thread 0x00000197894afeb0 DEOPT UNPACKING pc=0x0000019790e32b43 sp=0x0000002a1fbfcd40 mode 0
Event: 55.868 Thread 0x00000197894afeb0 DEOPT PACKING pc=0x00000197916d127e sp=0x0000002a1fbfd8d0
Event: 55.868 Thread 0x00000197894afeb0 DEOPT UNPACKING pc=0x0000019790e32b43 sp=0x0000002a1fbfcd40 mode 0
Event: 55.869 Thread 0x00000197894afeb0 DEOPT PACKING pc=0x000001979173c4d6 sp=0x0000002a1fbfd580
Event: 55.869 Thread 0x00000197894afeb0 DEOPT UNPACKING pc=0x0000019790e32b43 sp=0x0000002a1fbfca20 mode 0
Event: 55.869 Thread 0x00000197894afeb0 DEOPT PACKING pc=0x00000197916d127e sp=0x0000002a1fbfd900
Event: 55.869 Thread 0x00000197894afeb0 DEOPT UNPACKING pc=0x0000019790e32b43 sp=0x0000002a1fbfcd70 mode 0
Event: 55.870 Thread 0x00000197894afeb0 Uncommon trap: trap_request=0xffffff45 fr.pc=0x00000197988edf50 relative=0x00000000000000d0
Event: 55.870 Thread 0x00000197894afeb0 Uncommon trap: reason=unstable_if action=reinterpret pc=0x00000197988edf50 method=java.lang.String.getBytes([BIB)V @ 5 c2
Event: 55.870 Thread 0x00000197894afeb0 DEOPT PACKING pc=0x00000197988edf50 sp=0x0000002a1fbfdd50
Event: 55.870 Thread 0x00000197894afeb0 DEOPT UNPACKING pc=0x0000019790e323a3 sp=0x0000002a1fbfdd18 mode 2
Event: 55.894 Thread 0x00000197894afeb0 Uncommon trap: trap_request=0xffffff45 fr.pc=0x00000197988d957c relative=0x000000000000045c
Event: 55.894 Thread 0x00000197894afeb0 Uncommon trap: reason=unstable_if action=reinterpret pc=0x00000197988d957c method=java.lang.String.substring(II)Ljava/lang/String; @ 31 c2
Event: 55.894 Thread 0x00000197894afeb0 DEOPT PACKING pc=0x00000197988d957c sp=0x0000002a1fbfd7b0
Event: 55.894 Thread 0x00000197894afeb0 DEOPT UNPACKING pc=0x0000019790e323a3 sp=0x0000002a1fbfd780 mode 2

Classes loaded (20 events):
Event: 55.843 Loading class sun/nio/fs/WindowsChannelFactory
Event: 55.843 Loading class sun/nio/fs/WindowsChannelFactory done
Event: 55.843 Loading class sun/nio/fs/WindowsChannelFactory$1
Event: 55.844 Loading class sun/nio/fs/WindowsChannelFactory$1 done
Event: 55.844 Loading class sun/nio/fs/WindowsChannelFactory$Flags
Event: 55.844 Loading class sun/nio/fs/WindowsChannelFactory$Flags done
Event: 55.844 Loading class sun/nio/fs/WindowsChannelFactory$2
Event: 55.844 Loading class sun/nio/fs/WindowsChannelFactory$2 done
Event: 55.845 Loading class sun/nio/ch/FileChannelImpl$Closer
Event: 55.846 Loading class sun/nio/ch/FileChannelImpl$Closer done
Event: 55.850 Loading class java/util/stream/Streams$1
Event: 55.851 Loading class java/util/stream/Streams$1 done
Event: 55.861 Loading class java/nio/file/FileChannelLinesSpliterator$1
Event: 55.861 Loading class java/nio/file/FileChannelLinesSpliterator$1 done
Event: 55.861 Loading class java/nio/channels/Channels
Event: 55.862 Loading class java/nio/channels/Channels done
Event: 55.887 Loading class java/util/concurrent/ConcurrentLinkedQueue$Itr
Event: 55.887 Loading class java/util/concurrent/ConcurrentLinkedQueue$Itr done
Event: 55.919 Loading class java/lang/StackTraceElement$HashedModules
Event: 55.919 Loading class java/lang/StackTraceElement$HashedModules done

Classes unloaded (0 events):
No events

Classes redefined (0 events):
No events

Internal exceptions (20 events):
Event: 3.429 Thread 0x00000197894afeb0 Exception <a 'java/lang/NoSuchMethodError'{0x00000000fe68e008}: 'java.lang.Object java.lang.invoke.DirectMethodHandle$Holder.newInvokeSpecial(java.lang.Object, java.lang.Object, java.lang.Object, java.lang.Object, java.lang.Object)'> (0x00000000fe68e008) 
thrown [s\open\src\hotspot\share\interpreter\linkResolver.cpp, line 759]
Event: 3.443 Thread 0x00000197894afeb0 Exception <a 'java/lang/NoSuchMethodError'{0x00000000fe6cf578}: 'java.lang.Object java.lang.invoke.Invokers$Holder.invokeExact_MT(java.lang.Object, java.lang.Object, java.lang.Object, java.lang.Object, java.lang.Object)'> (0x00000000fe6cf578) 
thrown [s\open\src\hotspot\share\interpreter\linkResolver.cpp, line 759]
Event: 3.444 Thread 0x00000197894afeb0 Exception <a 'java/lang/NoSuchMethodError'{0x00000000fe6d3738}: 'java.lang.Object java.lang.invoke.DirectMethodHandle$Holder.invokeVirtual(java.lang.Object, java.lang.Object, java.lang.Object, java.lang.Object, java.lang.Object, java.lang.Object)'> (0x00000000fe6d3738) 
thrown [s\open\src\hotspot\share\interpreter\linkResolver.cpp, line 759]
Event: 3.455 Thread 0x00000197894afeb0 Exception <a 'java/lang/NoSuchMethodError'{0x00000000fe50cb08}: 'java.lang.Object java.lang.invoke.DirectMethodHandle$Holder.invokeVirtual(java.lang.Object, java.lang.Object, java.lang.Object, java.lang.Object)'> (0x00000000fe50cb08) 
thrown [s\open\src\hotspot\share\interpreter\linkResolver.cpp, line 759]
Event: 3.462 Thread 0x00000197894afeb0 Exception <a 'java/lang/NoSuchMethodError'{0x00000000fe528ba8}: 'java.lang.Object java.lang.invoke.DirectMethodHandle$Holder.invokeVirtual(java.lang.Object, java.lang.Object, java.lang.Object, java.lang.Object, java.lang.Object, java.lang.Object, java.lang.Object)'> (0x00000000fe528ba8) 
thrown [s\open\src\hotspot\share\interpreter\linkResolver.cpp, line 759]
Event: 3.963 Thread 0x00000197894afeb0 Exception <a 'java/lang/NoSuchMethodError'{0x00000000fe27f020}: 'void java.lang.invoke.DirectMethodHandle$Holder.invokeStatic(java.lang.Object, java.lang.Object, java.lang.Object)'> (0x00000000fe27f020) 
thrown [s\open\src\hotspot\share\interpreter\linkResolver.cpp, line 759]
Event: 4.018 Thread 0x00000197894afeb0 Exception <a 'java/lang/NoSuchMethodError'{0x00000000fe14fb60}: 'java.lang.Object java.lang.invoke.DirectMethodHandle$Holder.invokeVirtual(java.lang.Object, java.lang.Object, java.lang.Object, java.lang.Object, java.lang.Object)'> (0x00000000fe14fb60) 
thrown [s\open\src\hotspot\share\interpreter\linkResolver.cpp, line 759]
Event: 4.022 Thread 0x00000197894afeb0 Exception <a 'java/lang/NoSuchMethodError'{0x00000000fe163a80}: 'java.lang.Object java.lang.invoke.Invokers$Holder.invokeExact_MT(java.lang.Object, java.lang.Object, java.lang.Object, java.lang.Object, java.lang.Object, java.lang.Object)'> (0x00000000fe163a80) 
thrown [s\open\src\hotspot\share\interpreter\linkResolver.cpp, line 759]
Event: 4.170 Thread 0x00000197894afeb0 Exception <a 'java/lang/NoSuchMethodError'{0x00000000fffca998}: 'java.lang.Object java.lang.invoke.DirectMethodHandle$Holder.invokeVirtual(java.lang.Object, java.lang.Object, java.lang.Object, java.lang.Object, java.lang.Object, java.lang.Object, java.lang.Object, java.lang.Object, java.lang.Object)'> (0x00000000fffca998) 
thrown [s\open\src\hotspot\share\interpreter\linkResolver.cpp, line 759]
Event: 4.171 Thread 0x00000197894afeb0 Exception <a 'java/lang/NoSuchMethodError'{0x00000000fffcf8b0}: 'java.lang.Object java.lang.invoke.DirectMethodHandle$Holder.invokeSpecial(java.lang.Object, java.lang.Object, java.lang.Object, java.lang.Object, java.lang.Object, java.lang.Object, java.lang.Object, java.lang.Object, java.lang.Object, java.lang.Object)'> (0x00000000fffcf8b0) 
thrown [s\open\src\hotspot\share\interpreter\linkResolver.cpp, line 759]
Event: 4.280 Thread 0x00000197894afeb0 Exception <a 'java/lang/NoSuchMethodError'{0x00000000ffc622d8}: 'java.lang.Object java.lang.invoke.DirectMethodHandle$Holder.invokeVirtual(java.lang.Object, java.lang.Object, java.lang.Object, java.lang.Object, java.lang.Object, java.lang.Object, java.lang.Object, java.lang.Object)'> (0x00000000ffc622d8) 
thrown [s\open\src\hotspot\share\interpreter\linkResolver.cpp, line 759]
Event: 4.282 Thread 0x00000197894afeb0 Exception <a 'java/lang/NoSuchMethodError'{0x00000000ffc671b8}: 'java.lang.Object java.lang.invoke.DirectMethodHandle$Holder.invokeSpecial(java.lang.Object, java.lang.Object, java.lang.Object, java.lang.Object, java.lang.Object, java.lang.Object, java.lang.Object, java.lang.Object, java.lang.Object)'> (0x00000000ffc671b8) 
thrown [s\open\src\hotspot\share\interpreter\linkResolver.cpp, line 759]
Event: 4.388 Thread 0x00000197894afeb0 Exception <a 'java/lang/NoSuchMethodError'{0x00000000ffcf8c60}: 'java.lang.Object java.lang.invoke.DirectMethodHandle$Holder.invokeStaticInit(java.lang.Object, int, int, int, int)'> (0x00000000ffcf8c60) 
thrown [s\open\src\hotspot\share\interpreter\linkResolver.cpp, line 759]
Event: 4.801 Thread 0x00000197894afeb0 Exception <a 'java/lang/NoSuchMethodError'{0x00000000ffbc8470}: 'java.lang.Object java.lang.invoke.DirectMethodHandle$Holder.invokeStaticInit(java.lang.Object, java.lang.Object, int, int, int, int)'> (0x00000000ffbc8470) 
thrown [s\open\src\hotspot\share\interpreter\linkResolver.cpp, line 759]
Event: 4.899 Thread 0x00000197894afeb0 Implicit null exception at 0x0000019798904cd2 to 0x00000197989051c8
Event: 4.904 Thread 0x00000197894afeb0 Implicit null exception at 0x0000019798906852 to 0x0000019798906d3c
Event: 4.909 Thread 0x00000197894afeb0 Exception <a 'java/lang/NoSuchMethodError'{0x00000000ffab9188}: 'void java.lang.invoke.DirectMethodHandle$Holder.invokeInterface(java.lang.Object, java.lang.Object, java.lang.Object)'> (0x00000000ffab9188) 
thrown [s\open\src\hotspot\share\interpreter\linkResolver.cpp, line 759]
Event: 55.821 Thread 0x00000197894afeb0 Exception <a 'sun/net/ConnectionResetException'{0x00000000ff87afe0}: Connection reset> (0x00000000ff87afe0) 
thrown [s\open\src\hotspot\share\prims\jni.cpp, line 535]
Event: 55.873 Thread 0x00000197894afeb0 Exception <a 'java/lang/NoSuchMethodError'{0x00000000ff7739a0}: 'int java.lang.invoke.DirectMethodHandle$Holder.invokeVirtual(java.lang.Object, java.lang.Object)'> (0x00000000ff7739a0) 
thrown [s\open\src\hotspot\share\interpreter\linkResolver.cpp, line 759]
Event: 55.882 Thread 0x00000197894afeb0 Exception <a 'java/io/IOException'{0x00000000ff77ef90}: Connection reset by peer> (0x00000000ff77ef90) 
thrown [s\open\src\hotspot\share\prims\jni.cpp, line 535]

VM Operations (20 events):
Event: 31.906 Executing VM operation: Cleanup
Event: 31.906 Executing VM operation: Cleanup done
Event: 32.907 Executing VM operation: Cleanup
Event: 32.907 Executing VM operation: Cleanup done
Event: 34.936 Executing VM operation: Cleanup
Event: 34.936 Executing VM operation: Cleanup done
Event: 35.949 Executing VM operation: Cleanup
Event: 35.950 Executing VM operation: Cleanup done
Event: 42.018 Executing VM operation: Cleanup
Event: 42.018 Executing VM operation: Cleanup done
Event: 44.040 Executing VM operation: Cleanup
Event: 44.040 Executing VM operation: Cleanup done
Event: 45.050 Executing VM operation: Cleanup
Event: 45.050 Executing VM operation: Cleanup done
Event: 54.156 Executing VM operation: Cleanup
Event: 54.156 Executing VM operation: Cleanup done
Event: 55.162 Executing VM operation: Cleanup
Event: 55.162 Executing VM operation: Cleanup done
Event: 56.174 Executing VM operation: Cleanup
Event: 56.175 Executing VM operation: Cleanup done

Events (20 events):
Event: 0.056 Thread 0x00000197a3121e40 Thread added: 0x00000197a3121e40
Event: 0.056 Thread 0x00000197a31227e0 Thread added: 0x00000197a31227e0
Event: 0.056 Thread 0x00000197a3123180 Thread added: 0x00000197a3123180
Event: 0.056 Thread 0x00000197a31271c0 Thread added: 0x00000197a31271c0
Event: 0.057 Thread 0x00000197a31387d0 Thread added: 0x00000197a31387d0
Event: 0.057 Thread 0x00000197a31390c0 Thread added: 0x00000197a31390c0
Event: 0.089 Thread 0x00000197a748a8d0 Thread added: 0x00000197a748a8d0
Event: 0.098 Thread 0x00000197a7496460 Thread added: 0x00000197a7496460
Event: 0.113 Loaded shared library C:\Program Files\Java\jdk-18.0.2.1\bin\net.dll
Event: 0.119 Loaded shared library C:\Program Files\Java\jdk-18.0.2.1\bin\nio.dll
Event: 0.130 Loaded shared library C:\Program Files\Java\jdk-18.0.2.1\bin\zip.dll
Event: 2.184 Loaded shared library C:\Program Files\Java\jdk-18.0.2.1\bin\jimage.dll
Event: 3.076 Loaded shared library C:\Program Files\Java\jdk-18.0.2.1\bin\management.dll
Event: 3.084 Loaded shared library C:\Program Files\Java\jdk-18.0.2.1\bin\management_ext.dll
Event: 3.200 Loaded shared library C:\Users\arav\.gradle\native\660c5614fbf4a5f2a75b1949f50a0caf5cd603558e7d8a26e50b933a0cfb79d1\windows-amd64\native-platform.dll
Event: 3.271 Thread 0x00000197a7fb8090 Thread added: 0x00000197a7fb8090
Event: 3.278 Loaded shared library C:\Users\arav\.gradle\native\jansi\2.4.2\Windows\x86_64\jansi.dll
Event: 3.338 Thread 0x00000197a80768a0 Thread added: 0x00000197a80768a0
Event: 3.366 Thread 0x00000197a7fb8090 Thread exited: 0x00000197a7fb8090
Event: 4.963 Loaded shared library C:\Program Files\Java\jdk-18.0.2.1\bin\verify.dll


Dynamic libraries:
0x00007ff7d4ac0000 - 0x00007ff7d4ad0000 	C:\Program Files\Java\jdk-18.0.2.1\bin\java.exe
0x00007fffb0f60000 - 0x00007fffb11c6000 	C:\WINDOWS\SYSTEM32\ntdll.dll
0x00007fffaffd0000 - 0x00007fffb0099000 	C:\WINDOWS\System32\KERNEL32.DLL
0x00007fffae180000 - 0x00007fffae580000 	C:\WINDOWS\System32\KERNELBASE.dll
0x00007fffaea80000 - 0x00007fffaebcc000 	C:\WINDOWS\System32\ucrtbase.dll
0x00007fff91370000 - 0x00007fff9138a000 	C:\Program Files\Java\jdk-18.0.2.1\bin\VCRUNTIME140.dll
0x00007fff90c30000 - 0x00007fff90c48000 	C:\Program Files\Java\jdk-18.0.2.1\bin\jli.dll
0x00007fffaff10000 - 0x00007fffaffc7000 	C:\WINDOWS\System32\ADVAPI32.dll
0x00007fffb0850000 - 0x00007fffb08f9000 	C:\WINDOWS\System32\msvcrt.dll
0x00007fffaee60000 - 0x00007fffaef0a000 	C:\WINDOWS\System32\sechost.dll
0x00007fffafdf0000 - 0x00007fffaff08000 	C:\WINDOWS\System32\RPCRT4.dll
0x00007fffb0d20000 - 0x00007fffb0ee7000 	C:\WINDOWS\System32\USER32.dll
0x00007fff92f70000 - 0x00007fff93202000 	C:\WINDOWS\WinSxS\amd64_microsoft.windows.common-controls_6595b64144ccf1df_6.0.26100.8737_none_3e092eaee333b772\COMCTL32.dll
0x00007fffae650000 - 0x00007fffae677000 	C:\WINDOWS\System32\win32u.dll
0x00007fffb0950000 - 0x00007fffb097b000 	C:\WINDOWS\System32\GDI32.dll
0x00007fffae680000 - 0x00007fffae7a9000 	C:\WINDOWS\System32\gdi32full.dll
0x00007fffaebe0000 - 0x00007fffaec83000 	C:\WINDOWS\System32\msvcp_win.dll
0x00007fffa75c0000 - 0x00007fffa75cb000 	C:\WINDOWS\SYSTEM32\VERSION.dll
0x00007fffaf180000 - 0x00007fffaf1b2000 	C:\WINDOWS\System32\IMM32.DLL
0x00007fffa8720000 - 0x00007fffa872c000 	C:\Program Files\Java\jdk-18.0.2.1\bin\vcruntime140_1.dll
0x00007fff8b630000 - 0x00007fff8b6bd000 	C:\Program Files\Java\jdk-18.0.2.1\bin\msvcp140.dll
0x00007ffef0da0000 - 0x00007ffef19b1000 	C:\Program Files\Java\jdk-18.0.2.1\bin\server\jvm.dll
0x00007fffb0d10000 - 0x00007fffb0d18000 	C:\WINDOWS\System32\PSAPI.DLL
0x00007fffa71a0000 - 0x00007fffa71d6000 	C:\WINDOWS\SYSTEM32\WINMM.dll
0x00007fff9c030000 - 0x00007fff9c03a000 	C:\WINDOWS\SYSTEM32\WSOCK32.dll
0x00007fffb0110000 - 0x00007fffb0190000 	C:\WINDOWS\System32\WS2_32.dll
0x00007ffface40000 - 0x00007ffface5b000 	C:\WINDOWS\SYSTEM32\kernel.appcore.dll
0x00007fffa4fa0000 - 0x00007fffa4faa000 	C:\Program Files\Java\jdk-18.0.2.1\bin\jimage.dll
0x00007fffa2e60000 - 0x00007fffa30a2000 	C:\WINDOWS\SYSTEM32\DBGHELP.DLL
0x00007fffb0980000 - 0x00007fffb0d03000 	C:\WINDOWS\System32\combase.dll
0x00007fffafb20000 - 0x00007fffafbf9000 	C:\WINDOWS\System32\OLEAUT32.dll
0x00007fff8c330000 - 0x00007fff8c36b000 	C:\WINDOWS\SYSTEM32\dbgcore.DLL
0x00007fffae9c0000 - 0x00007fffaea6c000 	C:\WINDOWS\System32\bcryptPrimitives.dll
0x00007fff8b9f0000 - 0x00007fff8ba15000 	C:\Program Files\Java\jdk-18.0.2.1\bin\java.dll
0x00007fff71980000 - 0x00007fff71a56000 	C:\Program Files\Java\jdk-18.0.2.1\bin\jsvml.dll
0x00007fffaf380000 - 0x00007fffafb12000 	C:\WINDOWS\System32\SHELL32.dll
0x00007fffabc00000 - 0x00007fffac492000 	C:\WINDOWS\SYSTEM32\windows.storage.dll
0x00007fffaf250000 - 0x00007fffaf347000 	C:\WINDOWS\System32\SHCORE.dll
0x00007fffb00a0000 - 0x00007fffb0107000 	C:\WINDOWS\System32\shlwapi.dll
0x00007fffae0a0000 - 0x00007fffae0c9000 	C:\WINDOWS\SYSTEM32\profapi.dll
0x00007fff8b8b0000 - 0x00007fff8b8c3000 	C:\Program Files\Java\jdk-18.0.2.1\bin\net.dll
0x00007fffa41c0000 - 0x00007fffa42e9000 	C:\WINDOWS\SYSTEM32\WINHTTP.dll
0x00007fffad410000 - 0x00007fffad47c000 	C:\WINDOWS\system32\mswsock.dll
0x00007fff8b890000 - 0x00007fff8b8a6000 	C:\Program Files\Java\jdk-18.0.2.1\bin\nio.dll
0x00007fff8b610000 - 0x00007fff8b628000 	C:\Program Files\Java\jdk-18.0.2.1\bin\zip.dll
0x00007fff90f30000 - 0x00007fff90f39000 	C:\Program Files\Java\jdk-18.0.2.1\bin\management.dll
0x00007fff90ee0000 - 0x00007fff90eeb000 	C:\Program Files\Java\jdk-18.0.2.1\bin\management_ext.dll
0x00007fff8b5e0000 - 0x00007fff8b607000 	C:\Users\arav\.gradle\native\660c5614fbf4a5f2a75b1949f50a0caf5cd603558e7d8a26e50b933a0cfb79d1\windows-amd64\native-platform.dll
0x00007fff93b90000 - 0x00007fff93bb4000 	C:\Users\arav\.gradle\native\jansi\2.4.2\Windows\x86_64\jansi.dll
0x00007fffac7e0000 - 0x00007fffac813000 	C:\WINDOWS\SYSTEM32\IPHLPAPI.DLL
0x00007fffb0f10000 - 0x00007fffb0f1a000 	C:\WINDOWS\System32\NSI.dll
0x00007fffa3fe0000 - 0x00007fffa3ffd000 	C:\WINDOWS\SYSTEM32\dhcpcsvc6.DLL
0x00007fffa3fb0000 - 0x00007fffa3fd5000 	C:\WINDOWS\SYSTEM32\dhcpcsvc.DLL
0x00007fffac870000 - 0x00007fffac9c5000 	C:\WINDOWS\SYSTEM32\DNSAPI.dll
0x00007fffad1f0000 - 0x00007fffad1fd000 	C:\WINDOWS\SYSTEM32\DSPARSE.dll
0x00007fffad710000 - 0x00007fffad72b000 	C:\WINDOWS\SYSTEM32\CRYPTSP.dll
0x00007fffacda0000 - 0x00007fffacdd9000 	C:\WINDOWS\system32\rsaenh.dll
0x00007fffad4d0000 - 0x00007fffad502000 	C:\WINDOWS\SYSTEM32\USERENV.dll
0x00007fffae070000 - 0x00007fffae09a000 	C:\WINDOWS\SYSTEM32\bcrypt.dll
0x00007fffad730000 - 0x00007fffad73c000 	C:\WINDOWS\SYSTEM32\CRYPTBASE.dll
0x00007fff90c20000 - 0x00007fff90c30000 	C:\Program Files\Java\jdk-18.0.2.1\bin\verify.dll

dbghelp: loaded successfully - version: 4.0.5 - missing functions: none
symbol engine: initialized successfully - sym options: 0x614 - pdb path: .;C:\Program Files\Java\jdk-18.0.2.1\bin;C:\WINDOWS\SYSTEM32;C:\WINDOWS\WinSxS\amd64_microsoft.windows.common-controls_6595b64144ccf1df_6.0.26100.8737_none_3e092eaee333b772;C:\Program Files\Java\jdk-18.0.2.1\bin\server;C:\Users\arav\.gradle\native\660c5614fbf4a5f2a75b1949f50a0caf5cd603558e7d8a26e50b933a0cfb79d1\windows-amd64;C:\Users\arav\.gradle\native\jansi\2.4.2\Windows\x86_64

VM Arguments:
jvm_args: -Xmx64m -Xms64m -Dorg.gradle.appname=gradlew 
java_command: C:\Users\arav\Downloads\sentinel\sentinel\android\\gradle\wrapper\gradle-wrapper.jar assembleRelease
java_class_path (initial): C:\Users\arav\Downloads\sentinel\sentinel\android\\gradle\wrapper\gradle-wrapper.jar
Launcher Type: SUN_STANDARD

[Global flags]
     intx CICompilerCount                          = 4                                         {product} {ergonomic}
     uint ConcGCThreads                            = 3                                         {product} {ergonomic}
     uint G1ConcRefinementThreads                  = 10                                        {product} {ergonomic}
   size_t G1HeapRegionSize                         = 1048576                                   {product} {ergonomic}
    uintx GCDrainStackTargetSize                   = 64                                        {product} {ergonomic}
   size_t InitialHeapSize                          = 67108864                                  {product} {command line}
   size_t MarkStackSize                            = 4194304                                   {product} {ergonomic}
   size_t MaxHeapSize                              = 67108864                                  {product} {command line}
   size_t MaxNewSize                               = 39845888                                  {product} {ergonomic}
   size_t MinHeapDeltaBytes                        = 1048576                                   {product} {ergonomic}
   size_t MinHeapSize                              = 67108864                                  {product} {command line}
    uintx NonNMethodCodeHeapSize                   = 5839372                                {pd product} {ergonomic}
    uintx NonProfiledCodeHeapSize                  = 122909434                              {pd product} {ergonomic}
    uintx ProfiledCodeHeapSize                     = 122909434                              {pd product} {ergonomic}
    uintx ReservedCodeCacheSize                    = 251658240                              {pd product} {ergonomic}
     bool SegmentedCodeCache                       = true                                      {product} {ergonomic}
   size_t SoftMaxHeapSize                          = 67108864                               {manageable} {ergonomic}
     bool UseCompressedClassPointers               = true                           {product lp64_product} {ergonomic}
     bool UseCompressedOops                        = true                           {product lp64_product} {ergonomic}
     bool UseG1GC                                  = true                                      {product} {ergonomic}
     bool UseLargePagesIndividualAllocation        = false                                  {pd product} {ergonomic}

Logging:
Log output configuration:
 #0: stdout all=warning uptime,level,tags foldmultilines=false
 #1: stderr all=off uptime,level,tags foldmultilines=false

Environment Variables:
PATH=C:\Python314\Scripts\;C:\Python314\;C:\Program Files\Common Files\Oracle\Java\javapath;C:\Program Files (x86)\Common Files\Oracle\Java\javapath;C:\windows\system32;C:\windows;C:\windows\System32\Wbem;C:\windows\System32\WindowsPowerShell\v1.0\;C:\windows\System32\OpenSSH\;C:\Program Files (x86)\NVIDIA Corporation\PhysX\Common;C:\Program Files\NVIDIA Corporation\NVIDIA NvDLISR;C:\Program Files\Git\cmd;C:\WINDOWS\system32;C:\WINDOWS;C:\WINDOWS\System32\Wbem;C:\WINDOWS\System32\WindowsPowerShell\v1.0\;C:\WINDOWS\System32\OpenSSH\;C:\Program Files (x86)\gnupg\bin;C:\WINDOWS\system32;C:\WINDOWS;C:\WINDOWS\System32\Wbem;C:\WINDOWS\System32\WindowsPowerShell\v1.0\;C:\WINDOWS\System32\OpenSSH\;C:\Program Files\nodejs\;C:\ProgramData\chocolatey\bin;C:\Program Files\Docker\Docker\resources\bin;C:\Users\arav\AppData\Local\Programs\Python\Launcher\;C:\Users\arav\AppData\Local\Microsoft\WindowsApps;C:\Users\arav\AppData\Local\GitHubDesktop\bin;C:\Users\arav\AppData\Local\Programs\Microsoft VS Code\bin;C:\MinGW\bin;C:\Users\arav\.dotnet\tools;C:\Users\arav\AppData\Roaming\npm
USERNAME=arav
OS=Windows_NT
PROCESSOR_IDENTIFIER=AMD64 Family 25 Model 80 Stepping 0, AuthenticAMD



---------------  S Y S T E M  ---------------

OS:
 Windows 11 , 64 bit Build 26100 (10.0.26100.8737)
OS uptime: 3 days 2:03 hours
Hyper-V role detected

CPU: total 12 (initial active 12) (12 cores per cpu, 2 threads per core) family 25 model 80 stepping 0 microcode 0xa50000d, cx8, cmov, fxsr, ht, mmx, 3dnowpref, sse, sse2, sse3, ssse3, sse4a, sse4.1, sse4.2, popcnt, lzcnt, tsc, tscinvbit, avx, avx2, aes, erms, clmul, bmi1, bmi2, adx, sha, fma, vzeroupper, clflush, clflushopt, hv

Memory: 4k page, system-wide physical 7521M (934M free)
TotalPageFile size 31073M (AvailPageFile size 1M)
current process WorkingSet (physical memory assigned to process): 38M, peak: 104M
current process commit charge ("private bytes"): 172M, peak: 172M

vm_info: Java HotSpot(TM) 64-Bit Server VM (18.0.2.1+1-1) for windows-amd64 JRE (18.0.2.1+1-1), built on Aug 16 2022 01:46:33 by "mach5one" with MS VC++ 16.8 / 16.9 (VS2019)

END.
